 Osiris running on host Mac.Home
 Current working directory = /Users/joaobiu/Developer/statistical_learning/simulations/dx0.1_dt0.095_600ppc_0.3vfl
 Timer resolution is    0.0000000000000000       seconds
 
 ***************************************************************
 *                     Using Fortran version                   *
 ***************************************************************
 
 Software revision: 4.4.4-373-g7e5f28e-dirty
 
 
 Reading input file, full name: weibel.in
 
 Reading global simulation options... 
 Reading parallel node configuration... 
 Reading grid configuration...
 cartesian coordinates
 Reading tstep configuration... 
 Reading restart configuration... 
 Reading g_space configuration... 
 Reading time configuration... 
 Reading emf configuration... 
  - no smoothing specified
 Reading part configuration... 
 - species (1) configuration...
    Species name : electrons-up
 - species (2) configuration...
    Species name : positrons-up
 - species (3) configuration...
    Species name : electrons-down
 - species (4) configuration...
    Species name : positrons-down
 Reading zpulses ... 
 Reading current configuration...
  - no diagnostics specified
 Reading antenna configuration...
  - no antenna array specified
 
 Initializing simulation:
  Setting up no_co
  - Running on 10 processes, 1 thread(s) per process
  setting up topology
  - Using MPI_Cart_create based topology
  Setting up grid
  - setting parallel grid boundaries...
  Setting up random number seed
  Setting up tstep
  Setting up restart
  Setting up g_space
  Setting up time
  Setting up boundary buffers
  Setting up emf
  Setting up current
  Setting up zpulses
  Setting up particles
  Setting up antenna array
  Setting up diagnostics utilities
 
 Initialization complete!
  
 Numerical precision :
 - Fields    : double precision
 - Particles : double precision
  
 Global random number generator
  - Algorithm: Mersenne Twister
  
 Field Solver:
 - Yee solver
 - Guard Cells:
     x1 : [3, 4]
 - Using self generated fields only
 - No field smoothing
  
 - EM Field Boundary condtions:
     x1 : [Periodic, Periodic]
  
Particles:
- Number of species: 4
- Cubic (3rd order) interpolation
- Using staggered Yee grid values for interpolation
  
 electrons-up :
 - Standard (Boris) pusher
  
 positrons-up :
 - Standard (Boris) pusher
  
 electrons-down :
 - Standard (Boris) pusher
  
 positrons-down :
 - Standard (Boris) pusher
  
 Electrical current :
 - Using smoothing
 
Global dynamic memory status:
- Number of allocated memory blocks (total/node max): 1520 / 152
- Total Allocated Memory (total/node max): 3.4 GB / 352.1 MB
 
 Starting main simulation loop:
 
n =          0, t = .000
n =          1, t = .095
n =          2, t = .190
n =          3, t = .285
n =          4, t = .380
n =          5, t = .475
n =          6, t = .570
n =          7, t = .665
n =          8, t = .760
n =          9, t = .855
n =         10, t = .950
n =         11, t = 1.045
n =         12, t = 1.140
n =         13, t = 1.235
n =         14, t = 1.330
n =         15, t = 1.425
n =         16, t = 1.520
n =         17, t = 1.615
n =         18, t = 1.710
n =         19, t = 1.805
n =         20, t = 1.900
n =         21, t = 1.995
n =         22, t = 2.090
n =         23, t = 2.185
n =         24, t = 2.280
n =         25, t = 2.375
n =         26, t = 2.470
n =         27, t = 2.565
n =         28, t = 2.660
n =         29, t = 2.755
n =         30, t = 2.850
n =         31, t = 2.945
n =         32, t = 3.040
n =         33, t = 3.135
n =         34, t = 3.230
n =         35, t = 3.325
n =         36, t = 3.420
n =         37, t = 3.515
n =         38, t = 3.610
n =         39, t = 3.705
n =         40, t = 3.800
n =         41, t = 3.895
n =         42, t = 3.990
n =         43, t = 4.085
n =         44, t = 4.180
n =         45, t = 4.275
n =         46, t = 4.370
n =         47, t = 4.465
n =         48, t = 4.560
n =         49, t = 4.655
n =         50, t = 4.750
n =         51, t = 4.845
n =         52, t = 4.940
n =         53, t = 5.035
n =         54, t = 5.130
n =         55, t = 5.225
n =         56, t = 5.320
n =         57, t = 5.415
n =         58, t = 5.510
n =         59, t = 5.605
n =         60, t = 5.700
n =         61, t = 5.795
n =         62, t = 5.890
n =         63, t = 5.985
n =         64, t = 6.080
n =         65, t = 6.175
n =         66, t = 6.270
n =         67, t = 6.365
n =         68, t = 6.460
n =         69, t = 6.555
n =         70, t = 6.650
n =         71, t = 6.745
n =         72, t = 6.840
n =         73, t = 6.935
n =         74, t = 7.030
n =         75, t = 7.125
n =         76, t = 7.220
n =         77, t = 7.315
n =         78, t = 7.410
n =         79, t = 7.505
n =         80, t = 7.600
n =         81, t = 7.695
n =         82, t = 7.790
n =         83, t = 7.885
n =         84, t = 7.980
n =         85, t = 8.075
n =         86, t = 8.170
n =         87, t = 8.265
n =         88, t = 8.360
n =         89, t = 8.455
n =         90, t = 8.550
n =         91, t = 8.645
n =         92, t = 8.740
n =         93, t = 8.835
n =         94, t = 8.930
n =         95, t = 9.025
n =         96, t = 9.120
n =         97, t = 9.215
n =         98, t = 9.310
n =         99, t = 9.405
n =        100, t = 9.500
n =        101, t = 9.595
n =        102, t = 9.690
n =        103, t = 9.785
n =        104, t = 9.880
n =        105, t = 9.975
n =        106, t = 10.070
n =        107, t = 10.165
n =        108, t = 10.260
n =        109, t = 10.355
n =        110, t = 10.450
n =        111, t = 10.545
n =        112, t = 10.640
n =        113, t = 10.735
n =        114, t = 10.830
n =        115, t = 10.925
n =        116, t = 11.020
n =        117, t = 11.115
n =        118, t = 11.210
n =        119, t = 11.305
n =        120, t = 11.400
n =        121, t = 11.495
n =        122, t = 11.590
n =        123, t = 11.685
n =        124, t = 11.780
n =        125, t = 11.875
n =        126, t = 11.970
n =        127, t = 12.065
n =        128, t = 12.160
n =        129, t = 12.255
n =        130, t = 12.350
n =        131, t = 12.445
n =        132, t = 12.540
n =        133, t = 12.635
n =        134, t = 12.730
n =        135, t = 12.825
n =        136, t = 12.920
n =        137, t = 13.015
n =        138, t = 13.110
n =        139, t = 13.205
n =        140, t = 13.300
n =        141, t = 13.395
n =        142, t = 13.490
n =        143, t = 13.585
n =        144, t = 13.680
n =        145, t = 13.775
n =        146, t = 13.870
n =        147, t = 13.965
n =        148, t = 14.060
n =        149, t = 14.155
n =        150, t = 14.250
n =        151, t = 14.345
n =        152, t = 14.440
n =        153, t = 14.535
n =        154, t = 14.630
n =        155, t = 14.725
n =        156, t = 14.820
n =        157, t = 14.915
n =        158, t = 15.010
n =        159, t = 15.105
n =        160, t = 15.200
n =        161, t = 15.295
n =        162, t = 15.390
n =        163, t = 15.485
n =        164, t = 15.580
n =        165, t = 15.675
n =        166, t = 15.770
n =        167, t = 15.865
n =        168, t = 15.960
n =        169, t = 16.055
n =        170, t = 16.150
n =        171, t = 16.245
n =        172, t = 16.340
n =        173, t = 16.435
n =        174, t = 16.530
n =        175, t = 16.625
n =        176, t = 16.720
n =        177, t = 16.815
n =        178, t = 16.910
n =        179, t = 17.005
n =        180, t = 17.100
n =        181, t = 17.195
n =        182, t = 17.290
n =        183, t = 17.385
n =        184, t = 17.480
n =        185, t = 17.575
n =        186, t = 17.670
n =        187, t = 17.765
n =        188, t = 17.860
n =        189, t = 17.955
n =        190, t = 18.050
n =        191, t = 18.145
n =        192, t = 18.240
n =        193, t = 18.335
n =        194, t = 18.430
n =        195, t = 18.525
n =        196, t = 18.620
n =        197, t = 18.715
n =        198, t = 18.810
n =        199, t = 18.905
n =        200, t = 19.000
n =        201, t = 19.095
n =        202, t = 19.190
n =        203, t = 19.285
n =        204, t = 19.380
n =        205, t = 19.475
n =        206, t = 19.570
n =        207, t = 19.665
n =        208, t = 19.760
n =        209, t = 19.855
n =        210, t = 19.950
n =        211, t = 20.045
n =        212, t = 20.140
n =        213, t = 20.235
n =        214, t = 20.330
n =        215, t = 20.425
n =        216, t = 20.520
n =        217, t = 20.615
n =        218, t = 20.710
n =        219, t = 20.805
n =        220, t = 20.900
n =        221, t = 20.995
n =        222, t = 21.090
n =        223, t = 21.185
n =        224, t = 21.280
n =        225, t = 21.375
n =        226, t = 21.470
n =        227, t = 21.565
n =        228, t = 21.660
n =        229, t = 21.755
n =        230, t = 21.850
n =        231, t = 21.945
n =        232, t = 22.040
n =        233, t = 22.135
n =        234, t = 22.230
n =        235, t = 22.325
n =        236, t = 22.420
n =        237, t = 22.515
n =        238, t = 22.610
n =        239, t = 22.705
n =        240, t = 22.800
n =        241, t = 22.895
n =        242, t = 22.990
n =        243, t = 23.085
n =        244, t = 23.180
n =        245, t = 23.275
n =        246, t = 23.370
n =        247, t = 23.465
n =        248, t = 23.560
n =        249, t = 23.655
n =        250, t = 23.750
n =        251, t = 23.845
n =        252, t = 23.940
n =        253, t = 24.035
n =        254, t = 24.130
n =        255, t = 24.225
n =        256, t = 24.320
n =        257, t = 24.415
n =        258, t = 24.510
n =        259, t = 24.605
n =        260, t = 24.700
n =        261, t = 24.795
n =        262, t = 24.890
n =        263, t = 24.985
n =        264, t = 25.080
n =        265, t = 25.175
n =        266, t = 25.270
n =        267, t = 25.365
n =        268, t = 25.460
n =        269, t = 25.555
n =        270, t = 25.650
n =        271, t = 25.745
n =        272, t = 25.840
n =        273, t = 25.935
n =        274, t = 26.030
n =        275, t = 26.125
n =        276, t = 26.220
n =        277, t = 26.315
n =        278, t = 26.410
n =        279, t = 26.505
n =        280, t = 26.600
n =        281, t = 26.695
n =        282, t = 26.790
n =        283, t = 26.885
n =        284, t = 26.980
n =        285, t = 27.075
n =        286, t = 27.170
n =        287, t = 27.265
n =        288, t = 27.360
n =        289, t = 27.455
n =        290, t = 27.550
n =        291, t = 27.645
n =        292, t = 27.740
n =        293, t = 27.835
n =        294, t = 27.930
n =        295, t = 28.025
n =        296, t = 28.120
n =        297, t = 28.215
n =        298, t = 28.310
n =        299, t = 28.405
n =        300, t = 28.500
n =        301, t = 28.595
n =        302, t = 28.690
n =        303, t = 28.785
n =        304, t = 28.880
n =        305, t = 28.975
n =        306, t = 29.070
n =        307, t = 29.165
n =        308, t = 29.260
n =        309, t = 29.355
n =        310, t = 29.450
n =        311, t = 29.545
n =        312, t = 29.640
n =        313, t = 29.735
n =        314, t = 29.830
n =        315, t = 29.925
n =        316, t = 30.020
n =        317, t = 30.115
n =        318, t = 30.210
n =        319, t = 30.305
n =        320, t = 30.400
n =        321, t = 30.495
n =        322, t = 30.590
n =        323, t = 30.685
n =        324, t = 30.780
n =        325, t = 30.875
n =        326, t = 30.970
n =        327, t = 31.065
n =        328, t = 31.160
n =        329, t = 31.255
n =        330, t = 31.350
n =        331, t = 31.445
n =        332, t = 31.540
n =        333, t = 31.635
n =        334, t = 31.730
n =        335, t = 31.825
n =        336, t = 31.920
n =        337, t = 32.015
n =        338, t = 32.110
n =        339, t = 32.205
n =        340, t = 32.300
n =        341, t = 32.395
n =        342, t = 32.490
n =        343, t = 32.585
n =        344, t = 32.680
n =        345, t = 32.775
n =        346, t = 32.870
n =        347, t = 32.965
n =        348, t = 33.060
n =        349, t = 33.155
n =        350, t = 33.250
n =        351, t = 33.345
n =        352, t = 33.440
n =        353, t = 33.535
n =        354, t = 33.630
n =        355, t = 33.725
n =        356, t = 33.820
n =        357, t = 33.915
n =        358, t = 34.010
n =        359, t = 34.105
n =        360, t = 34.200
n =        361, t = 34.295
n =        362, t = 34.390
n =        363, t = 34.485
n =        364, t = 34.580
n =        365, t = 34.675
n =        366, t = 34.770
n =        367, t = 34.865
n =        368, t = 34.960
n =        369, t = 35.055
n =        370, t = 35.150
n =        371, t = 35.245
n =        372, t = 35.340
n =        373, t = 35.435
n =        374, t = 35.530
n =        375, t = 35.625
n =        376, t = 35.720
n =        377, t = 35.815
n =        378, t = 35.910
n =        379, t = 36.005
n =        380, t = 36.100
n =        381, t = 36.195
n =        382, t = 36.290
n =        383, t = 36.385
n =        384, t = 36.480
n =        385, t = 36.575
n =        386, t = 36.670
n =        387, t = 36.765
n =        388, t = 36.860
n =        389, t = 36.955
n =        390, t = 37.050
n =        391, t = 37.145
n =        392, t = 37.240
n =        393, t = 37.335
n =        394, t = 37.430
n =        395, t = 37.525
n =        396, t = 37.620
n =        397, t = 37.715
n =        398, t = 37.810
n =        399, t = 37.905
n =        400, t = 38.000
n =        401, t = 38.095
n =        402, t = 38.190
n =        403, t = 38.285
n =        404, t = 38.380
n =        405, t = 38.475
n =        406, t = 38.570
n =        407, t = 38.665
n =        408, t = 38.760
n =        409, t = 38.855
n =        410, t = 38.950
n =        411, t = 39.045
n =        412, t = 39.140
n =        413, t = 39.235
n =        414, t = 39.330
n =        415, t = 39.425
n =        416, t = 39.520
n =        417, t = 39.615
n =        418, t = 39.710
n =        419, t = 39.805
n =        420, t = 39.900
n =        421, t = 39.995
n =        422, t = 40.090
 
  Simulation completed.
 
 Allocated dynamic memory remaining:
 Number of allocated memory blocks:            4
 Total Allocated Memory: 91.6 MB
 Allocated dynamic memory remaining:
 Number of allocated memory blocks:            4
 Total Allocated Memory: 91.6 MB
 Allocated dynamic memory remaining:
 Number of allocated memory blocks:            4
 Total Allocated Memory: 91.6 MB
 Allocated dynamic memory remaining:
 Number of allocated memory blocks:            4
 Total Allocated Memory: 91.6 MB
 Allocated dynamic memory remaining:
 Number of allocated memory blocks:            4
 Total Allocated Memory: 91.6 MB
 Allocated dynamic memory remaining:
 Number of allocated memory blocks:            4
 Total Allocated Memory: 91.6 MB
 Allocated dynamic memory remaining:
 Number of allocated memory blocks:            4
 Total Allocated Memory: 91.6 MB
 Allocated dynamic memory remaining:
 Number of allocated memory blocks:            4
 Total Allocated Memory: 91.6 MB
 Allocated dynamic memory remaining:
 Number of allocated memory blocks:            4
 Total Allocated Memory: 91.6 MB
 Allocated dynamic memory remaining:
 Number of allocated memory blocks:            4
 Total Allocated Memory: 91.6 MB
 
 Osiris run completed normally
